Using pre-set license
Built from '2020.3/staging' branch; Version is '2020.3.11f1 (99c7afb366b3) revision 10078127'; Using compiler version '192528614'; Build Type 'Release'
OS: 'Windows 10 Home; OS build 19042.1415; Version 2009; 64bit' Language: 'en' Physical Memory: 6082 MB
BatchMode: 1, IsHumanControllingUs: 0, StartBugReporterOnCrash: 0, Is64bit: 1, IsPro: 0

 COMMAND LINE ARGUMENTS:
C:\Program Files\Unity\Hub\Editor\2020.3.11f1\Editor\Unity.exe
-adb2
-batchMode
-noUpm
-name
AssetImportWorker0
-projectPath
C:/Users/Renee/Documents/projects/Gamedev/HeavySword/Heavy_Sword
-logFile
Logs/AssetImportWorker0.log
-srvPort
49718
Successfully changed project path to: C:/Users/Renee/Documents/projects/Gamedev/HeavySword/Heavy_Sword
C:/Users/Renee/Documents/projects/Gamedev/HeavySword/Heavy_Sword
Using Asset Import Pipeline V2.
Refreshing native plugins compatible for Editor in 265.98 ms, found 2 plugins.
Preloading 0 native plugins for Editor in 0.00 ms.
Initialize engine version: 2020.3.11f1 (99c7afb366b3)
[Subsystems] Discovering subsystems at path C:/Program Files/Unity/Hub/Editor/2020.3.11f1/Editor/Data/Resources/UnitySubsystems
[Subsystems] Discovering subsystems at path C:/Users/Renee/Documents/projects/Gamedev/HeavySword/Heavy_Sword/Assets
GfxDevice: creating device client; threaded=0
Direct3D:
    Version:  Direct3D 11.0 [level 11.1]
    Renderer: AMD Radeon(TM) Vega 3 Graphics (ID=0x15d8)
    Vendor:   
    VRAM:     3041 MB
    Driver:   27.20.1028.1
Initialize mono
Mono path[0] = 'C:/Program Files/Unity/Hub/Editor/2020.3.11f1/Editor/Data/Managed'
Mono path[1] = 'C:/Program Files/Unity/Hub/Editor/2020.3.11f1/Editor/Data/MonoBleedingEdge/lib/mono/unityjit'
Mono config path = 'C:/Program Files/Unity/Hub/Editor/2020.3.11f1/Editor/Data/MonoBleedingEdge/etc'
Using monoOptions --debugger-agent=transport=dt_socket,embedding=1,server=y,suspend=n,address=127.0.0.1:56840
Begin MonoManager ReloadAssembly
Registering precompiled unity dll's ...
Register platform support module: C:/Program Files/Unity/Hub/Editor/2020.3.11f1/Editor/Data/PlaybackEngines/WebGLSupport/UnityEditor.WebGL.Extensions.dll
Register platform support module: C:/Program Files/Unity/Hub/Editor/2020.3.11f1/Editor/Data/PlaybackEngines/WindowsStandaloneSupport/UnityEditor.WindowsStandalone.Extensions.dll
Registered in 0.285882 seconds.
Native extension for WindowsStandalone target not found
Native extension for WebGL target not found
Refreshing native plugins compatible for Editor in 37.11 ms, found 2 plugins.
Preloading 0 native plugins for Editor in 0.00 ms.
Mono: successfully reloaded assembly
- Completed reload, in  7.613 seconds
Platform modules already initialized, skipping
Registering precompiled user dll's ...
Registered in 0.142922 seconds.
Begin MonoManager ReloadAssembly
Native extension for WindowsStandalone target not found
Native extension for WebGL target not found
Refreshing native plugins compatible for Editor in 0.59 ms, found 2 plugins.
Preloading 0 native plugins for Editor in 0.00 ms.
Mono: successfully reloaded assembly
- Completed reload, in  6.085 seconds
Platform modules already initialized, skipping
========================================================================
Worker process is ready to serve import requests
Launched and connected shader compiler UnityShaderCompiler.exe after 0.13 seconds
Refreshing native plugins compatible for Editor in 1.16 ms, found 2 plugins.
Preloading 0 native plugins for Editor in 0.00 ms.
Unloading 1397 Unused Serialized files (Serialized files now loaded: 0)
System memory in use before: 65.3 MB.
System memory in use after: 65.3 MB.

Unloading 19 unused Assets to reduce memory usage. Loaded Objects now: 1831.
Total: 5.542900 ms (FindLiveObjects: 0.284100 ms CreateObjectMapping: 0.067700 ms MarkObjects: 5.039000 ms  DeleteObjects: 0.149600 ms)

========================================================================
Received Import Request.
  path: Assets/silver.mat
  artifactKey: Guid(71b4c57b39429624e83abbc53796a710) Importer(815301076,1909f56bfc062723c751e8b465ee728b)
Start importing Assets/silver.mat using Guid(71b4c57b39429624e83abbc53796a710) Importer(815301076,1909f56bfc062723c751e8b465ee728b)  -> (artifact id: '9a9aaa1fd2831610aef1702f9a5bec2a') in 0.716479 seconds
  Import took 0.722640 seconds .

========================================================================
Received Import Request.
  Time since last request: 101.088556 seconds.
  path: Assets/New Folder
  artifactKey: Guid(07f5fe5f85435334baf6236e10d23562) Importer(815301076,1909f56bfc062723c751e8b465ee728b)
Start importing Assets/New Folder using Guid(07f5fe5f85435334baf6236e10d23562) Importer(815301076,1909f56bfc062723c751e8b465ee728b)  -> (artifact id: '9d6ca87247b15ca89f34b02a300c8e4a') in 0.025042 seconds
  Import took 0.029250 seconds .

========================================================================
Received Import Request.
  Time since last request: 10.060296 seconds.
  path: Assets/scripts
  artifactKey: Guid(07f5fe5f85435334baf6236e10d23562) Importer(815301076,1909f56bfc062723c751e8b465ee728b)
Start importing Assets/scripts using Guid(07f5fe5f85435334baf6236e10d23562) Importer(815301076,1909f56bfc062723c751e8b465ee728b)  -> (artifact id: '17765007379e35999f1167bc13bb485e') in 0.015830 seconds
  Import took 0.023393 seconds .

========================================================================
Received Import Request.
  Time since last request: 1.945933 seconds.
  path: Assets/AssignCameraSection.cs
  artifactKey: Guid(c9dc624890384bf44967cbe6b6485d16) Importer(815301076,1909f56bfc062723c751e8b465ee728b)
Start importing Assets/AssignCameraSection.cs using Guid(c9dc624890384bf44967cbe6b6485d16) Importer(815301076,1909f56bfc062723c751e8b465ee728b)  -> (artifact id: 'd6cd04e58a23fdc891a285e746295a04') in 0.032566 seconds
  Import took 0.036889 seconds .

========================================================================
Received Import Request.
  Time since last request: 0.533737 seconds.
  path: Assets/clickManager.cs
  artifactKey: Guid(9b188ddd18501dd4ab07762f1ff320b2) Importer(815301076,1909f56bfc062723c751e8b465ee728b)
Start importing Assets/clickManager.cs using Guid(9b188ddd18501dd4ab07762f1ff320b2) Importer(815301076,1909f56bfc062723c751e8b465ee728b)  -> (artifact id: 'ddf7e743e4b8c462b7da6adecb8be802') in 0.032777 seconds
  Import took 0.044333 seconds .

========================================================================
Received Import Request.
  Time since last request: 0.454500 seconds.
  path: Assets/CameraMovement.cs
  artifactKey: Guid(001a09537eb53f0439a7dca70185e833) Importer(815301076,1909f56bfc062723c751e8b465ee728b)
Start importing Assets/CameraMovement.cs using Guid(001a09537eb53f0439a7dca70185e833) Importer(815301076,1909f56bfc062723c751e8b465ee728b)  -> (artifact id: '4508a3a8914f200b74997edb3c303892') in 0.026772 seconds
  Import took 0.032701 seconds .

========================================================================
Received Import Request.
  Time since last request: 7.074028 seconds.
  path: Assets/clickManager1.cs
  artifactKey: Guid(b1a2bb65818d98846b08746cc98d1f89) Importer(815301076,1909f56bfc062723c751e8b465ee728b)
Start importing Assets/clickManager1.cs using Guid(b1a2bb65818d98846b08746cc98d1f89) Importer(815301076,1909f56bfc062723c751e8b465ee728b)  -> (artifact id: '956c99e7497632ebc07435e55e0f7273') in 0.023626 seconds
  Import took 0.029692 seconds .

========================================================================
Received Import Request.
  Time since last request: 0.044496 seconds.
  path: Assets/clickManager1.cs
  artifactKey: Guid(b1a2bb65818d98846b08746cc98d1f89) Importer(815301076,1909f56bfc062723c751e8b465ee728b)
Start importing Assets/clickManager1.cs using Guid(b1a2bb65818d98846b08746cc98d1f89) Importer(815301076,1909f56bfc062723c751e8b465ee728b)  -> (artifact id: '956c99e7497632ebc07435e55e0f7273') in 0.014609 seconds
  Import took 0.029126 seconds .

========================================================================
Received Import Request.
  Time since last request: 95.132428 seconds.
  path: Assets/SwordEndCollision.cs
  artifactKey: Guid(65a806ad494897e4b93d57605c3aa4af) Importer(815301076,1909f56bfc062723c751e8b465ee728b)
Start importing Assets/SwordEndCollision.cs using Guid(65a806ad494897e4b93d57605c3aa4af) Importer(815301076,1909f56bfc062723c751e8b465ee728b)  -> (artifact id: '56e3d112baf3ed5dee731f1be1e606f7') in 0.247814 seconds
  Import took 0.266298 seconds .

========================================================================
Received Import Request.
  Time since last request: 9.062690 seconds.
  path: Assets/DeathZoneTrigger.cs
  artifactKey: Guid(b1d8b5157508ce8488f1be59be8af9e9) Importer(815301076,1909f56bfc062723c751e8b465ee728b)
Start importing Assets/DeathZoneTrigger.cs using Guid(b1d8b5157508ce8488f1be59be8af9e9) Importer(815301076,1909f56bfc062723c751e8b465ee728b)  -> (artifact id: 'c0c11606272f0beb043c197fa54249be') in 0.028312 seconds
  Import took 0.033620 seconds .

========================================================================
Received Import Request.
  Time since last request: 11.548295 seconds.
  path: Assets/AssignCameraSection1.cs
  artifactKey: Guid(23d3117eba23a0645af3ef6a7b0fdd75) Importer(815301076,1909f56bfc062723c751e8b465ee728b)
Start importing Assets/AssignCameraSection1.cs using Guid(23d3117eba23a0645af3ef6a7b0fdd75) Importer(815301076,1909f56bfc062723c751e8b465ee728b)  -> (artifact id: 'cdedc6676a1aa0e79420bc391b66e7ce') in 0.063415 seconds
  Import took 0.070603 seconds .

========================================================================
Received Import Request.
  Time since last request: 14.875916 seconds.
  path: Assets/CameraMovement1.cs
  artifactKey: Guid(c39e4e7b4080580409dc0abdafe09e01) Importer(815301076,1909f56bfc062723c751e8b465ee728b)
Start importing Assets/CameraMovement1.cs using Guid(c39e4e7b4080580409dc0abdafe09e01) Importer(815301076,1909f56bfc062723c751e8b465ee728b)  -> (artifact id: '04b969a33c4ff32b1dd9cba48fdd329a') in 0.081135 seconds
  Import took 0.091991 seconds .

========================================================================
Received Import Request.
  Time since last request: 33.141355 seconds.
  path: Assets/DeathZoneTrigger1.cs
  artifactKey: Guid(a42b1a530c56efb498fbcfb7d3ab0453) Importer(815301076,1909f56bfc062723c751e8b465ee728b)
Start importing Assets/DeathZoneTrigger1.cs using Guid(a42b1a530c56efb498fbcfb7d3ab0453) Importer(815301076,1909f56bfc062723c751e8b465ee728b)  -> (artifact id: '8b7598741cdcc9113b4c6d62801f87cd') in 0.023138 seconds
  Import took 0.171846 seconds .

========================================================================
Received Import Request.
  Time since last request: 106.884366 seconds.
  path: Assets/EnemyHealth1.cs
  artifactKey: Guid(98f93fd6fa4dc88469950cbb2c0f7738) Importer(815301076,1909f56bfc062723c751e8b465ee728b)
Start importing Assets/EnemyHealth1.cs using Guid(98f93fd6fa4dc88469950cbb2c0f7738) Importer(815301076,1909f56bfc062723c751e8b465ee728b)  -> (artifact id: '3f2edbcdd19d975914c5144ba2d2bae2') in 0.029396 seconds
  Import took 0.037427 seconds .

========================================================================
Received Import Request.
  Time since last request: 0.008594 seconds.
  path: Assets/EnemyHealth1.cs
  artifactKey: Guid(98f93fd6fa4dc88469950cbb2c0f7738) Importer(815301076,1909f56bfc062723c751e8b465ee728b)
Start importing Assets/EnemyHealth1.cs using Guid(98f93fd6fa4dc88469950cbb2c0f7738) Importer(815301076,1909f56bfc062723c751e8b465ee728b)  -> (artifact id: '3f2edbcdd19d975914c5144ba2d2bae2') in 0.014527 seconds
  Import took 0.019911 seconds .

========================================================================
Received Prepare
Registering precompiled user dll's ...
Registered in 0.013422 seconds.
Begin MonoManager ReloadAssembly
Native extension for WindowsStandalone target not found
Native extension for WebGL target not found
Refreshing native plugins compatible for Editor in 0.62 ms, found 2 plugins.
Preloading 0 native plugins for Editor in 0.00 ms.
Mono: successfully reloaded assembly
- Completed reload, in  3.395 seconds
Platform modules already initialized, skipping
Refreshing native plugins compatible for Editor in 0.52 ms, found 2 plugins.
Preloading 0 native plugins for Editor in 0.00 ms.
Unloading 1392 Unused Serialized files (Serialized files now loaded: 0)
System memory in use before: 68.5 MB.
System memory in use after: 68.6 MB.

Unloading 14 unused Assets to reduce memory usage. Loaded Objects now: 1874.
Total: 3.598600 ms (FindLiveObjects: 0.201700 ms CreateObjectMapping: 0.045700 ms MarkObjects: 3.256300 ms  DeleteObjects: 0.092900 ms)

========================================================================
Received Import Request.
  Time since last request: 18.156618 seconds.
  path: Assets/EnemyScript.cs
  artifactKey: Guid(059c53601c2b7134393da73697f87b8d) Importer(815301076,1909f56bfc062723c751e8b465ee728b)
Start importing Assets/EnemyScript.cs using Guid(059c53601c2b7134393da73697f87b8d) Importer(815301076,1909f56bfc062723c751e8b465ee728b)  -> (artifact id: '20006e8228828b9ee7f728a86c4ff882') in 0.015551 seconds
  Import took 0.019489 seconds .

========================================================================
Received Import Request.
  Time since last request: 0.585877 seconds.
  path: Assets/MovingPlatform.cs
  artifactKey: Guid(c5a0f107e9690014daf203d94d482288) Importer(815301076,1909f56bfc062723c751e8b465ee728b)
Start importing Assets/MovingPlatform.cs using Guid(c5a0f107e9690014daf203d94d482288) Importer(815301076,1909f56bfc062723c751e8b465ee728b)  -> (artifact id: '1ed26ba19f1e4f9ac93a0a7195a4b53c') in 0.021142 seconds
  Import took 0.028500 seconds .

========================================================================
Received Import Request.
  Time since last request: 0.003901 seconds.
  path: Assets/MovingPlatform.cs
  artifactKey: Guid(c5a0f107e9690014daf203d94d482288) Importer(815301076,1909f56bfc062723c751e8b465ee728b)
Start importing Assets/MovingPlatform.cs using Guid(c5a0f107e9690014daf203d94d482288) Importer(815301076,1909f56bfc062723c751e8b465ee728b)  -> (artifact id: '1ed26ba19f1e4f9ac93a0a7195a4b53c') in 0.012520 seconds
  Import took 0.019197 seconds .

========================================================================
Received Import Request.
  Time since last request: 7.122412 seconds.
  path: Assets/playManager.cs
  artifactKey: Guid(a62bb97746b5cad448b372c703b96b36) Importer(815301076,1909f56bfc062723c751e8b465ee728b)
Start importing Assets/playManager.cs using Guid(a62bb97746b5cad448b372c703b96b36) Importer(815301076,1909f56bfc062723c751e8b465ee728b)  -> (artifact id: 'a427d8ae0ecc87e1b0921277df196ecc') in 0.061830 seconds
  Import took 0.067959 seconds .

========================================================================
Received Prepare
Registering precompiled user dll's ...
Registered in 0.052860 seconds.
Begin MonoManager ReloadAssembly
Native extension for WindowsStandalone target not found
Native extension for WebGL target not found
Refreshing native plugins compatible for Editor in 0.40 ms, found 2 plugins.
Preloading 0 native plugins for Editor in 0.00 ms.
Mono: successfully reloaded assembly
- Completed reload, in  2.789 seconds
Platform modules already initialized, skipping
Refreshing native plugins compatible for Editor in 0.47 ms, found 2 plugins.
Preloading 0 native plugins for Editor in 0.00 ms.
Unloading 1392 Unused Serialized files (Serialized files now loaded: 0)
System memory in use before: 68.5 MB.
System memory in use after: 68.6 MB.

Unloading 14 unused Assets to reduce memory usage. Loaded Objects now: 1877.
Total: 2.429700 ms (FindLiveObjects: 0.226400 ms CreateObjectMapping: 0.040200 ms MarkObjects: 2.089000 ms  DeleteObjects: 0.072300 ms)

========================================================================
Received Prepare
Registering precompiled user dll's ...
Registered in 0.017089 seconds.
Begin MonoManager ReloadAssembly
Native extension for WindowsStandalone target not found
Native extension for WebGL target not found
Refreshing native plugins compatible for Editor in 0.46 ms, found 2 plugins.
Preloading 0 native plugins for Editor in 0.00 ms.
Mono: successfully reloaded assembly
- Completed reload, in  1.431 seconds
Platform modules already initialized, skipping
Refreshing native plugins compatible for Editor in 0.39 ms, found 2 plugins.
Preloading 0 native plugins for Editor in 0.00 ms.
Unloading 1392 Unused Serialized files (Serialized files now loaded: 0)
System memory in use before: 68.5 MB.
System memory in use after: 68.6 MB.

Unloading 14 unused Assets to reduce memory usage. Loaded Objects now: 1880.
Total: 5.178500 ms (FindLiveObjects: 1.716700 ms CreateObjectMapping: 0.192800 ms MarkObjects: 3.183600 ms  DeleteObjects: 0.083400 ms)

========================================================================
Received Import Request.
  Time since last request: 210.186613 seconds.
  path: Assets/New Folder/EnemyHealth.cs
  artifactKey: Guid(8fc8775622e03df49ac4ecd4e8ae762a) Importer(815301076,1909f56bfc062723c751e8b465ee728b)
Start importing Assets/New Folder/EnemyHealth.cs using Guid(8fc8775622e03df49ac4ecd4e8ae762a) Importer(815301076,1909f56bfc062723c751e8b465ee728b)  -> (artifact id: '97f09315aa13abb6ed961ce0e6ce0ee3') in 0.028946 seconds
  Import took 0.032593 seconds .

========================================================================
Received Prepare
Registering precompiled user dll's ...
Registered in 0.006257 seconds.
Begin MonoManager ReloadAssembly
Native extension for WindowsStandalone target not found
Native extension for WebGL target not found
Refreshing native plugins compatible for Editor in 0.65 ms, found 2 plugins.
Preloading 0 native plugins for Editor in 0.00 ms.
Mono: successfully reloaded assembly
- Completed reload, in  2.539 seconds
Platform modules already initialized, skipping
Refreshing native plugins compatible for Editor in 0.51 ms, found 2 plugins.
Preloading 0 native plugins for Editor in 0.00 ms.
Unloading 1392 Unused Serialized files (Serialized files now loaded: 0)
System memory in use before: 68.5 MB.
System memory in use after: 68.6 MB.

Unloading 14 unused Assets to reduce memory usage. Loaded Objects now: 1883.
Total: 3.598200 ms (FindLiveObjects: 0.285400 ms CreateObjectMapping: 0.070000 ms MarkObjects: 3.109800 ms  DeleteObjects: 0.130900 ms)

========================================================================
Received Prepare
Registering precompiled user dll's ...
Registered in 0.007581 seconds.
Begin MonoManager ReloadAssembly
Native extension for WindowsStandalone target not found
Native extension for WebGL target not found
Refreshing native plugins compatible for Editor in 0.52 ms, found 2 plugins.
Preloading 0 native plugins for Editor in 0.00 ms.
Mono: successfully reloaded assembly
- Completed reload, in  1.668 seconds
Platform modules already initialized, skipping
Refreshing native plugins compatible for Editor in 0.81 ms, found 2 plugins.
Preloading 0 native plugins for Editor in 0.00 ms.
Unloading 1392 Unused Serialized files (Serialized files now loaded: 0)
System memory in use before: 68.6 MB.
System memory in use after: 68.6 MB.

Unloading 14 unused Assets to reduce memory usage. Loaded Objects now: 1886.
Total: 2.654000 ms (FindLiveObjects: 0.210200 ms CreateObjectMapping: 0.049800 ms MarkObjects: 2.314600 ms  DeleteObjects: 0.077300 ms)

========================================================================
Received Import Request.
  Time since last request: 71.492838 seconds.
  path: Assets/Scenes
  artifactKey: Guid(068f29a1d4f2d514f9736438fce1de23) Importer(815301076,1909f56bfc062723c751e8b465ee728b)
Start importing Assets/Scenes using Guid(068f29a1d4f2d514f9736438fce1de23) Importer(815301076,1909f56bfc062723c751e8b465ee728b)  -> (artifact id: 'ab471a5502cec42b888b864560472a9d') in 0.018011 seconds
  Import took 0.021202 seconds .

========================================================================
Received Prepare
Registering precompiled user dll's ...
Registered in 0.010053 seconds.
Begin MonoManager ReloadAssembly
Native extension for WindowsStandalone target not found
Native extension for WebGL target not found
Refreshing native plugins compatible for Editor in 0.91 ms, found 2 plugins.
Preloading 0 native plugins for Editor in 0.00 ms.
Mono: successfully reloaded assembly
- Completed reload, in  2.252 seconds
Platform modules already initialized, skipping
Refreshing native plugins compatible for Editor in 0.44 ms, found 2 plugins.
Preloading 0 native plugins for Editor in 0.00 ms.
Unloading 1393 Unused Serialized files (Serialized files now loaded: 0)
System memory in use before: 68.6 MB.
System memory in use after: 68.7 MB.

Unloading 14 unused Assets to reduce memory usage. Loaded Objects now: 1890.
Total: 3.201600 ms (FindLiveObjects: 0.231900 ms CreateObjectMapping: 0.059900 ms MarkObjects: 2.825200 ms  DeleteObjects: 0.082200 ms)

========================================================================
Received Import Request.
  Time since last request: 17.567310 seconds.
  path: Assets/scripts/NewBehaviourScript.cs
  artifactKey: Guid(9380e7a1c4cde00468a524d93075a320) Importer(815301076,1909f56bfc062723c751e8b465ee728b)
Start importing Assets/scripts/NewBehaviourScript.cs using Guid(9380e7a1c4cde00468a524d93075a320) Importer(815301076,1909f56bfc062723c751e8b465ee728b)  -> (artifact id: 'f9db47daf2085d139f90ef5b055083a6') in 0.015765 seconds
  Import took 0.019189 seconds .

========================================================================
Received Import Request.
  Time since last request: 15.277022 seconds.
  path: Assets/scripts/sound.cs
  artifactKey: Guid(9380e7a1c4cde00468a524d93075a320) Importer(815301076,1909f56bfc062723c751e8b465ee728b)
Start importing Assets/scripts/sound.cs using Guid(9380e7a1c4cde00468a524d93075a320) Importer(815301076,1909f56bfc062723c751e8b465ee728b)  -> (artifact id: '4cb7aa2677bbbbafd1819f7f2c0b3339') in 0.065721 seconds
  Import took 0.070477 seconds .

========================================================================
Received Prepare
Registering precompiled user dll's ...
Registered in 0.009649 seconds.
Begin MonoManager ReloadAssembly
Native extension for WindowsStandalone target not found
Native extension for WebGL target not found
Refreshing native plugins compatible for Editor in 0.58 ms, found 2 plugins.
Preloading 0 native plugins for Editor in 0.00 ms.
Mono: successfully reloaded assembly
- Completed reload, in  1.835 seconds
Platform modules already initialized, skipping
Refreshing native plugins compatible for Editor in 0.39 ms, found 2 plugins.
Preloading 0 native plugins for Editor in 0.00 ms.
Unloading 1393 Unused Serialized files (Serialized files now loaded: 0)
System memory in use before: 68.6 MB.
System memory in use after: 68.7 MB.

Unloading 14 unused Assets to reduce memory usage. Loaded Objects now: 1893.
Total: 3.048600 ms (FindLiveObjects: 0.215700 ms CreateObjectMapping: 0.055200 ms MarkObjects: 2.692000 ms  DeleteObjects: 0.083700 ms)

========================================================================
Received Import Request.
  Time since last request: 81.255758 seconds.
  path: Assets/scripts/sound.cs
  artifactKey: Guid(9380e7a1c4cde00468a524d93075a320) Importer(815301076,1909f56bfc062723c751e8b465ee728b)
Start importing Assets/scripts/sound.cs using Guid(9380e7a1c4cde00468a524d93075a320) Importer(815301076,1909f56bfc062723c751e8b465ee728b)  -> (artifact id: 'dc78e836be25c87bf2e3a57b0705cac4') in 0.027179 seconds
  Import took 0.032714 seconds .

========================================================================
Received Import Request.
  Time since last request: 2.902216 seconds.
  path: Assets/scripts/sound.cs
  artifactKey: Guid(9380e7a1c4cde00468a524d93075a320) Importer(815301076,1909f56bfc062723c751e8b465ee728b)
Start importing Assets/scripts/sound.cs using Guid(9380e7a1c4cde00468a524d93075a320) Importer(815301076,1909f56bfc062723c751e8b465ee728b)  -> (artifact id: '55e5ffc22b28eb9961aeb9773fd55269') in 0.010713 seconds
  Import took 0.014819 seconds .

========================================================================
Received Import Request.
  Time since last request: 13.654364 seconds.
  path: ProjectSettings/TagManager.asset
  artifactKey: Guid(00000000000000003000000000000000) Importer(815301076,1909f56bfc062723c751e8b465ee728b)
Start importing ProjectSettings/TagManager.asset using Guid(00000000000000003000000000000000) Importer(815301076,1909f56bfc062723c751e8b465ee728b)  -> (artifact id: '8101d3f1c6d703d22f7005dc3bda18cd') in 0.062072 seconds
  Import took 0.067225 seconds .

========================================================================
Received Import Request.
  Time since last request: 0.001096 seconds.
  path: ProjectSettings/TagManager.asset
  artifactKey: Guid(00000000000000003000000000000000) Importer(815301076,1909f56bfc062723c751e8b465ee728b)
Start importing ProjectSettings/TagManager.asset using Guid(00000000000000003000000000000000) Importer(815301076,1909f56bfc062723c751e8b465ee728b)  -> (artifact id: '8101d3f1c6d703d22f7005dc3bda18cd') in 0.014004 seconds
  Import took 0.020907 seconds .

========================================================================
Received Prepare
Registering precompiled user dll's ...
Registered in 0.020272 seconds.
Begin MonoManager ReloadAssembly
Native extension for WindowsStandalone target not found
Native extension for WebGL target not found
Refreshing native plugins compatible for Editor in 0.79 ms, found 2 plugins.
Preloading 0 native plugins for Editor in 0.00 ms.
Mono: successfully reloaded assembly
- Completed reload, in  2.290 seconds
Platform modules already initialized, skipping
Refreshing native plugins compatible for Editor in 1.02 ms, found 2 plugins.
Preloading 0 native plugins for Editor in 0.00 ms.
Unloading 1393 Unused Serialized files (Serialized files now loaded: 0)
System memory in use before: 68.6 MB.
System memory in use after: 68.7 MB.

Unloading 16 unused Assets to reduce memory usage. Loaded Objects now: 1896.
Total: 2.412500 ms (FindLiveObjects: 0.220700 ms CreateObjectMapping: 0.038500 ms MarkObjects: 2.079900 ms  DeleteObjects: 0.071500 ms)

========================================================================
Received Prepare
Registering precompiled user dll's ...
Registered in 0.012279 seconds.
Begin MonoManager ReloadAssembly
Native extension for WindowsStandalone target not found
Native extension for WebGL target not found
Refreshing native plugins compatible for Editor in 0.88 ms, found 2 plugins.
Preloading 0 native plugins for Editor in 0.00 ms.
Mono: successfully reloaded assembly
- Completed reload, in  2.603 seconds
Platform modules already initialized, skipping
Refreshing native plugins compatible for Editor in 0.48 ms, found 2 plugins.
Preloading 0 native plugins for Editor in 0.00 ms.
Unloading 1394 Unused Serialized files (Serialized files now loaded: 0)
System memory in use before: 68.6 MB.
System memory in use after: 68.7 MB.

Unloading 14 unused Assets to reduce memory usage. Loaded Objects now: 1900.
Total: 4.960100 ms (FindLiveObjects: 0.361200 ms CreateObjectMapping: 0.048200 ms MarkObjects: 4.395900 ms  DeleteObjects: 0.151600 ms)

========================================================================
Received Import Request.
  Time since last request: 204.562311 seconds.
  path: Assets/scripts/sound.cs
  artifactKey: Guid(9380e7a1c4cde00468a524d93075a320) Importer(815301076,1909f56bfc062723c751e8b465ee728b)
Start importing Assets/scripts/sound.cs using Guid(9380e7a1c4cde00468a524d93075a320) Importer(815301076,1909f56bfc062723c751e8b465ee728b)  -> (artifact id: 'bb616049372fb5c99f5ed67381fa914f') in 0.015496 seconds
  Import took 0.019769 seconds .

========================================================================
Received Import Request.
  Time since last request: 11.616985 seconds.
  path: Assets/scripts/Sound.cs
  artifactKey: Guid(9380e7a1c4cde00468a524d93075a320) Importer(815301076,1909f56bfc062723c751e8b465ee728b)
Start importing Assets/scripts/Sound.cs using Guid(9380e7a1c4cde00468a524d93075a320) Importer(815301076,1909f56bfc062723c751e8b465ee728b)  -> (artifact id: '90c70d670b0b448abb8020e6124e5597') in 0.030936 seconds
  Import took 0.034965 seconds .

========================================================================
Received Import Request.
  Time since last request: 15.543310 seconds.
  path: Assets/scripts/audioManager
  artifactKey: Guid(4407d137771190e459172854a67c6106) Importer(815301076,1909f56bfc062723c751e8b465ee728b)
Start importing Assets/scripts/audioManager using Guid(4407d137771190e459172854a67c6106) Importer(815301076,1909f56bfc062723c751e8b465ee728b)  -> (artifact id: 'a992c200b2e2b88684b5131f8d864181') in 0.019407 seconds
  Import took 0.022868 seconds .

========================================================================
Received Import Request.
  Time since last request: 0.000524 seconds.
  path: Assets/scripts/audioManager
  artifactKey: Guid(4407d137771190e459172854a67c6106) Importer(815301076,1909f56bfc062723c751e8b465ee728b)
Start importing Assets/scripts/audioManager using Guid(4407d137771190e459172854a67c6106) Importer(815301076,1909f56bfc062723c751e8b465ee728b)  -> (artifact id: 'a992c200b2e2b88684b5131f8d864181') in 0.008432 seconds
  Import took 0.012350 seconds .

========================================================================
Received Import Request.
  Time since last request: 272.862916 seconds.
  path: Assets/animation
  artifactKey: Guid(1cc990b2810de4f43b66f5f94edfaf7a) Importer(815301076,1909f56bfc062723c751e8b465ee728b)
Start importing Assets/animation using Guid(1cc990b2810de4f43b66f5f94edfaf7a) Importer(815301076,1909f56bfc062723c751e8b465ee728b)  -> (artifact id: 'f628f79a7d846db47c89ea839558f731') in 0.015758 seconds
  Import took 0.018972 seconds .

========================================================================
Received Import Request.
  Time since last request: 1.186846 seconds.
  path: Assets/animation/sword.anim
  artifactKey: Guid(5eac9dbdab54e1747b752b87c0994868) Importer(815301076,1909f56bfc062723c751e8b465ee728b)
Start importing Assets/animation/sword.anim using Guid(5eac9dbdab54e1747b752b87c0994868) Importer(815301076,1909f56bfc062723c751e8b465ee728b)  -> (artifact id: 'ec3eed159b2ff5a26ee348005e3c44a0') in 0.023167 seconds
  Import took 0.026429 seconds .

========================================================================
Received Import Request.
  Time since last request: 9.498451 seconds.
  path: Assets/animation/start Swing.anim
  artifactKey: Guid(5eac9dbdab54e1747b752b87c0994868) Importer(815301076,1909f56bfc062723c751e8b465ee728b)
Start importing Assets/animation/start Swing.anim using Guid(5eac9dbdab54e1747b752b87c0994868) Importer(815301076,1909f56bfc062723c751e8b465ee728b)  -> (artifact id: '4d982de02451dbd4d8bd8b46b656fc74') in 0.015437 seconds
  Import took 0.019197 seconds .

========================================================================
Received Import Request.
  Time since last request: 365.964944 seconds.
  path: Assets/animation/playerSword.controller
  artifactKey: Guid(5297896c04f2d304fa7fc8f1b9d03b65) Importer(815301076,1909f56bfc062723c751e8b465ee728b)
Start importing Assets/animation/playerSword.controller using Guid(5297896c04f2d304fa7fc8f1b9d03b65) Importer(815301076,1909f56bfc062723c751e8b465ee728b)  -> (artifact id: 'fdff22c25a95b1b44852e70900e2b929') in 0.025825 seconds
  Import took 0.030524 seconds .

========================================================================
Received Import Request.
  Time since last request: 0.001116 seconds.
  path: Assets/animation/playerSword.controller
  artifactKey: Guid(5297896c04f2d304fa7fc8f1b9d03b65) Importer(815301076,1909f56bfc062723c751e8b465ee728b)
Start importing Assets/animation/playerSword.controller using Guid(5297896c04f2d304fa7fc8f1b9d03b65) Importer(815301076,1909f56bfc062723c751e8b465ee728b)  -> (artifact id: 'fdff22c25a95b1b44852e70900e2b929') in 0.008339 seconds
  Import took 0.012109 seconds .

========================================================================
Received Import Request.
  Time since last request: 77.370687 seconds.
  path: Assets/animation/end Swing.anim
  artifactKey: Guid(5faf8e2160debb7448148665c4ae469a) Importer(815301076,1909f56bfc062723c751e8b465ee728b)
Start importing Assets/animation/end Swing.anim using Guid(5faf8e2160debb7448148665c4ae469a) Importer(815301076,1909f56bfc062723c751e8b465ee728b)  -> (artifact id: 'f2af2836e3df07a331b82326ebc7e2a8') in 0.017260 seconds
  Import took 0.021137 seconds .

========================================================================
Received Prepare
Registering precompiled user dll's ...
Registered in 0.010223 seconds.
Begin MonoManager ReloadAssembly
Native extension for WindowsStandalone target not found
Native extension for WebGL target not found
Refreshing native plugins compatible for Editor in 0.40 ms, found 2 plugins.
Preloading 0 native plugins for Editor in 0.00 ms.
Mono: successfully reloaded assembly
- Completed reload, in  1.385 seconds
Platform modules already initialized, skipping
Refreshing native plugins compatible for Editor in 0.39 ms, found 2 plugins.
Preloading 0 native plugins for Editor in 0.00 ms.
Unloading 1394 Unused Serialized files (Serialized files now loaded: 0)
System memory in use before: 68.6 MB.
System memory in use after: 68.7 MB.

Unloading 14 unused Assets to reduce memory usage. Loaded Objects now: 1903.
Total: 2.809700 ms (FindLiveObjects: 0.254800 ms CreateObjectMapping: 0.048000 ms MarkObjects: 2.430200 ms  DeleteObjects: 0.075300 ms)

========================================================================
Received Prepare
Registering precompiled user dll's ...
Registered in 0.222739 seconds.
Begin MonoManager ReloadAssembly
Native extension for WindowsStandalone target not found
Native extension for WebGL target not found
Refreshing native plugins compatible for Editor in 0.84 ms, found 2 plugins.
Preloading 0 native plugins for Editor in 0.00 ms.
Mono: successfully reloaded assembly
- Completed reload, in  2.961 seconds
Platform modules already initialized, skipping
Refreshing native plugins compatible for Editor in 1.05 ms, found 2 plugins.
Preloading 0 native plugins for Editor in 0.00 ms.
Unloading 1395 Unused Serialized files (Serialized files now loaded: 0)
System memory in use before: 68.7 MB.
System memory in use after: 68.7 MB.

Unloading 14 unused Assets to reduce memory usage. Loaded Objects now: 1907.
Total: 5.234500 ms (FindLiveObjects: 0.518700 ms CreateObjectMapping: 0.080700 ms MarkObjects: 4.514400 ms  DeleteObjects: 0.117300 ms)

========================================================================
Received Import Request.
  Time since last request: 593.134425 seconds.
  path: Assets/PlayerAnimation.cs
  artifactKey: Guid(64c704599d38c3944b0d88ef0b5aec9c) Importer(815301076,1909f56bfc062723c751e8b465ee728b)
Start importing Assets/PlayerAnimation.cs using Guid(64c704599d38c3944b0d88ef0b5aec9c) Importer(815301076,1909f56bfc062723c751e8b465ee728b)  -> (artifact id: '7ec1197178b3d7cc04b1fab1f5025e61') in 0.020138 seconds
  Import took 0.024261 seconds .

========================================================================
Received Import Request.
  Time since last request: 0.004582 seconds.
  path: Assets/PlayerAnimation.cs
  artifactKey: Guid(64c704599d38c3944b0d88ef0b5aec9c) Importer(815301076,1909f56bfc062723c751e8b465ee728b)
Start importing Assets/PlayerAnimation.cs using Guid(64c704599d38c3944b0d88ef0b5aec9c) Importer(815301076,1909f56bfc062723c751e8b465ee728b)  -> (artifact id: '7ec1197178b3d7cc04b1fab1f5025e61') in 0.006794 seconds
  Import took 0.014274 seconds .

========================================================================
Received Import Request.
  Time since last request: 5.825703 seconds.
  path: Assets/PlayerAnimationManager.cs
  artifactKey: Guid(64c704599d38c3944b0d88ef0b5aec9c) Importer(815301076,1909f56bfc062723c751e8b465ee728b)
Start importing Assets/PlayerAnimationManager.cs using Guid(64c704599d38c3944b0d88ef0b5aec9c) Importer(815301076,1909f56bfc062723c751e8b465ee728b)  -> (artifact id: 'ecfd116b1747bc7e83951d1b301a1eae') in 0.023851 seconds
  Import took 0.033002 seconds .

========================================================================
Received Import Request.
  Time since last request: 0.010593 seconds.
  path: Assets/PlayerAnimationManager.cs
  artifactKey: Guid(64c704599d38c3944b0d88ef0b5aec9c) Importer(815301076,1909f56bfc062723c751e8b465ee728b)
Start importing Assets/PlayerAnimationManager.cs using Guid(64c704599d38c3944b0d88ef0b5aec9c) Importer(815301076,1909f56bfc062723c751e8b465ee728b)  -> (artifact id: 'ecfd116b1747bc7e83951d1b301a1eae') in 0.020087 seconds
  Import took 0.025169 seconds .

========================================================================
Received Prepare
Registering precompiled user dll's ...
Registered in 0.008251 seconds.
Begin MonoManager ReloadAssembly
Native extension for WindowsStandalone target not found
Native extension for WebGL target not found
Refreshing native plugins compatible for Editor in 0.40 ms, found 2 plugins.
Preloading 0 native plugins for Editor in 0.00 ms.
Mono: successfully reloaded assembly
- Completed reload, in  1.626 seconds
Platform modules already initialized, skipping
Refreshing native plugins compatible for Editor in 0.52 ms, found 2 plugins.
Preloading 0 native plugins for Editor in 0.00 ms.
Unloading 1395 Unused Serialized files (Serialized files now loaded: 0)
System memory in use before: 68.7 MB.
System memory in use after: 68.8 MB.

Unloading 14 unused Assets to reduce memory usage. Loaded Objects now: 1910.
Total: 3.595200 ms (FindLiveObjects: 0.288800 ms CreateObjectMapping: 0.068400 ms MarkObjects: 3.145100 ms  DeleteObjects: 0.090500 ms)

========================================================================
Received Prepare
Registering precompiled user dll's ...
Registered in 0.006921 seconds.
Begin MonoManager ReloadAssembly
Native extension for WindowsStandalone target not found
Native extension for WebGL target not found
Refreshing native plugins compatible for Editor in 0.59 ms, found 2 plugins.
Preloading 0 native plugins for Editor in 0.00 ms.
Mono: successfully reloaded assembly
- Completed reload, in  1.802 seconds
Platform modules already initialized, skipping
Refreshing native plugins compatible for Editor in 0.52 ms, found 2 plugins.
Preloading 0 native plugins for Editor in 0.00 ms.
Unloading 1395 Unused Serialized files (Serialized files now loaded: 0)
System memory in use before: 68.7 MB.
System memory in use after: 68.8 MB.

Unloading 14 unused Assets to reduce memory usage. Loaded Objects now: 1913.
Total: 4.068500 ms (FindLiveObjects: 0.312400 ms CreateObjectMapping: 0.078100 ms MarkObjects: 3.581300 ms  DeleteObjects: 0.094700 ms)

========================================================================
Received Prepare
Registering precompiled user dll's ...
Registered in 0.014141 seconds.
Begin MonoManager ReloadAssembly
Native extension for WindowsStandalone target not found
Native extension for WebGL target not found
Refreshing native plugins compatible for Editor in 0.52 ms, found 2 plugins.
Preloading 0 native plugins for Editor in 0.00 ms.
Mono: successfully reloaded assembly
- Completed reload, in  1.513 seconds
Platform modules already initialized, skipping
Refreshing native plugins compatible for Editor in 0.40 ms, found 2 plugins.
Preloading 0 native plugins for Editor in 0.00 ms.
Unloading 1395 Unused Serialized files (Serialized files now loaded: 0)
System memory in use before: 68.7 MB.
System memory in use after: 68.8 MB.

Unloading 14 unused Assets to reduce memory usage. Loaded Objects now: 1916.
Total: 2.896800 ms (FindLiveObjects: 0.203700 ms CreateObjectMapping: 0.047600 ms MarkObjects: 2.562300 ms  DeleteObjects: 0.081600 ms)

========================================================================
Received Prepare
Registering precompiled user dll's ...
Registered in 0.009910 seconds.
Begin MonoManager ReloadAssembly
Native extension for WindowsStandalone target not found
Native extension for WebGL target not found
Refreshing native plugins compatible for Editor in 0.49 ms, found 2 plugins.
Preloading 0 native plugins for Editor in 0.00 ms.
Mono: successfully reloaded assembly
- Completed reload, in  1.462 seconds
Platform modules already initialized, skipping
Refreshing native plugins compatible for Editor in 0.51 ms, found 2 plugins.
Preloading 0 native plugins for Editor in 0.00 ms.
Unloading 1395 Unused Serialized files (Serialized files now loaded: 0)
System memory in use before: 68.7 MB.
System memory in use after: 68.8 MB.

Unloading 14 unused Assets to reduce memory usage. Loaded Objects now: 1919.
Total: 3.295000 ms (FindLiveObjects: 0.329600 ms CreateObjectMapping: 0.085400 ms MarkObjects: 2.800100 ms  DeleteObjects: 0.078100 ms)

========================================================================
Received Prepare
Registering precompiled user dll's ...
Registered in 0.035225 seconds.
Begin MonoManager ReloadAssembly
Native extension for WindowsStandalone target not found
Native extension for WebGL target not found
Refreshing native plugins compatible for Editor in 1.15 ms, found 2 plugins.
Preloading 0 native plugins for Editor in 0.00 ms.
Mono: successfully reloaded assembly
- Completed reload, in  5.344 seconds
Platform modules already initialized, skipping
Refreshing native plugins compatible for Editor in 1.57 ms, found 2 plugins.
Preloading 0 native plugins for Editor in 0.00 ms.
Unloading 1395 Unused Serialized files (Serialized files now loaded: 0)
System memory in use before: 68.7 MB.
System memory in use after: 68.8 MB.

Unloading 14 unused Assets to reduce memory usage. Loaded Objects now: 1922.
Total: 38.608500 ms (FindLiveObjects: 4.686600 ms CreateObjectMapping: 0.732100 ms MarkObjects: 32.892400 ms  DeleteObjects: 0.291800 ms)

========================================================================
Received Import Request.
  Time since last request: 5739.377155 seconds.
  path: Assets/animation/playerSword.controller
  artifactKey: Guid(5297896c04f2d304fa7fc8f1b9d03b65) Importer(815301076,1909f56bfc062723c751e8b465ee728b)
Start importing Assets/animation/playerSword.controller using Guid(5297896c04f2d304fa7fc8f1b9d03b65) Importer(815301076,1909f56bfc062723c751e8b465ee728b)  -> (artifact id: 'f22d2ba43465fca442ad98323995bbe5') in 0.136310 seconds
  Import took 0.149956 seconds .

AssetImportWorkerClient::OnTransportError - code=2 error=End of file
