Using pre-set license
Built from '2020.3/staging' branch; Version is '2020.3.11f1 (99c7afb366b3) revision 10078127'; Using compiler version '192528614'; Build Type 'Release'
OS: 'Windows 10 Home; OS build 19042.1466; Version 2009; 64bit' Language: 'en' Physical Memory: 6082 MB
BatchMode: 1, IsHumanControllingUs: 0, StartBugReporterOnCrash: 0, Is64bit: 1, IsPro: 0

 COMMAND LINE ARGUMENTS:
C:\Program Files\Unity\Hub\Editor\2020.3.11f1\Editor\Unity.exe
-adb2
-batchMode
-noUpm
-name
AssetImportWorker3
-projectPath
C:/Users/Renee/Documents/projects/Gamedev/HeavySword/Heavy_Sword
-logFile
Logs/AssetImportWorker3.log
-srvPort
61817
Successfully changed project path to: C:/Users/Renee/Documents/projects/Gamedev/HeavySword/Heavy_Sword
C:/Users/Renee/Documents/projects/Gamedev/HeavySword/Heavy_Sword
Using Asset Import Pipeline V2.
Refreshing native plugins compatible for Editor in 302.14 ms, found 2 plugins.
Preloading 0 native plugins for Editor in 0.00 ms.
Initialize engine version: 2020.3.11f1 (99c7afb366b3)
[Subsystems] Discovering subsystems at path C:/Program Files/Unity/Hub/Editor/2020.3.11f1/Editor/Data/Resources/UnitySubsystems
[Subsystems] Discovering subsystems at path C:/Users/Renee/Documents/projects/Gamedev/HeavySword/Heavy_Sword/Assets
GfxDevice: creating device client; threaded=0
Direct3D:
    Version:  Direct3D 11.0 [level 11.1]
    Renderer: AMD Radeon(TM) Vega 3 Graphics (ID=0x15d8)
    Vendor:   
    VRAM:     3041 MB
    Driver:   27.20.1028.1
Initialize mono
Mono path[0] = 'C:/Program Files/Unity/Hub/Editor/2020.3.11f1/Editor/Data/Managed'
Mono path[1] = 'C:/Program Files/Unity/Hub/Editor/2020.3.11f1/Editor/Data/MonoBleedingEdge/lib/mono/unityjit'
Mono config path = 'C:/Program Files/Unity/Hub/Editor/2020.3.11f1/Editor/Data/MonoBleedingEdge/etc'
Using monoOptions --debugger-agent=transport=dt_socket,embedding=1,server=y,suspend=n,address=127.0.0.1:56672
Begin MonoManager ReloadAssembly
Registering precompiled unity dll's ...
Register platform support module: C:/Program Files/Unity/Hub/Editor/2020.3.11f1/Editor/Data/PlaybackEngines/WebGLSupport/UnityEditor.WebGL.Extensions.dll
Register platform support module: C:/Program Files/Unity/Hub/Editor/2020.3.11f1/Editor/Data/PlaybackEngines/WindowsStandaloneSupport/UnityEditor.WindowsStandalone.Extensions.dll
Registered in 0.009450 seconds.
Native extension for WindowsStandalone target not found
Native extension for WebGL target not found
Refreshing native plugins compatible for Editor in 81.12 ms, found 2 plugins.
Preloading 0 native plugins for Editor in 0.00 ms.
Mono: successfully reloaded assembly
- Completed reload, in  7.994 seconds
Platform modules already initialized, skipping
Registering precompiled user dll's ...
Registered in 0.012481 seconds.
Begin MonoManager ReloadAssembly
Native extension for WindowsStandalone target not found
Native extension for WebGL target not found
Refreshing native plugins compatible for Editor in 0.48 ms, found 2 plugins.
Preloading 0 native plugins for Editor in 0.00 ms.
Mono: successfully reloaded assembly
- Completed reload, in  2.183 seconds
Platform modules already initialized, skipping
========================================================================
Worker process is ready to serve import requests
Launched and connected shader compiler UnityShaderCompiler.exe after 0.22 seconds
Refreshing native plugins compatible for Editor in 0.45 ms, found 2 plugins.
Preloading 0 native plugins for Editor in 0.00 ms.
Unloading 1402 Unused Serialized files (Serialized files now loaded: 0)
System memory in use before: 65.4 MB.
System memory in use after: 65.5 MB.

Unloading 19 unused Assets to reduce memory usage. Loaded Objects now: 1836.
Total: 8.559400 ms (FindLiveObjects: 0.219100 ms CreateObjectMapping: 0.061600 ms MarkObjects: 8.133800 ms  DeleteObjects: 0.143000 ms)

========================================================================
Received Import Request.
  path: Assets/silver.mat
  artifactKey: Guid(71b4c57b39429624e83abbc53796a710) Importer(815301076,1909f56bfc062723c751e8b465ee728b)
Start importing Assets/silver.mat using Guid(71b4c57b39429624e83abbc53796a710) Importer(815301076,1909f56bfc062723c751e8b465ee728b)  -> (artifact id: '4b0c325419f7667ca169796878f7eebb') in 0.374259 seconds
  Import took 0.380775 seconds .

========================================================================
Received Import Request.
  Time since last request: 0.000477 seconds.
  path: Assets/PlayerSoundManager.cs
  artifactKey: Guid(487995845919f9240a646447d71ea8e2) Importer(815301076,1909f56bfc062723c751e8b465ee728b)
Start importing Assets/PlayerSoundManager.cs using Guid(487995845919f9240a646447d71ea8e2) Importer(815301076,1909f56bfc062723c751e8b465ee728b)  -> (artifact id: '00c8a4abc770dce948e99700e433f5a8') in 0.026498 seconds
  Import took 0.031633 seconds .

========================================================================
Received Import Request.
  Time since last request: 297.908218 seconds.
  path: Assets/PlayerSoundManager.cs
  artifactKey: Guid(487995845919f9240a646447d71ea8e2) Importer(815301076,1909f56bfc062723c751e8b465ee728b)
Start importing Assets/PlayerSoundManager.cs using Guid(487995845919f9240a646447d71ea8e2) Importer(815301076,1909f56bfc062723c751e8b465ee728b)  -> (artifact id: '90fe22e897400efd1d5d4c96e89fcf95') in 0.018735 seconds
  Import took 0.037335 seconds .

========================================================================
Received Import Request.
  Time since last request: 0.199787 seconds.
  path: Assets/PlayerSoundManager.cs
  artifactKey: Guid(487995845919f9240a646447d71ea8e2) Importer(815301076,1909f56bfc062723c751e8b465ee728b)
Start importing Assets/PlayerSoundManager.cs using Guid(487995845919f9240a646447d71ea8e2) Importer(815301076,1909f56bfc062723c751e8b465ee728b)  -> (artifact id: '90fe22e897400efd1d5d4c96e89fcf95') in 0.024666 seconds
  Import took 0.092320 seconds .

========================================================================
Received Prepare
Registering precompiled user dll's ...
Registered in 0.016851 seconds.
Begin MonoManager ReloadAssembly
Native extension for WindowsStandalone target not found
Native extension for WebGL target not found
Refreshing native plugins compatible for Editor in 0.69 ms, found 2 plugins.
Preloading 0 native plugins for Editor in 0.00 ms.
Mono: successfully reloaded assembly
- Completed reload, in  2.264 seconds
Platform modules already initialized, skipping
Refreshing native plugins compatible for Editor in 0.47 ms, found 2 plugins.
Preloading 0 native plugins for Editor in 0.00 ms.
Unloading 1397 Unused Serialized files (Serialized files now loaded: 0)
System memory in use before: 68.7 MB.
System memory in use after: 68.8 MB.

Unloading 14 unused Assets to reduce memory usage. Loaded Objects now: 1879.
Total: 4.372200 ms (FindLiveObjects: 0.215300 ms CreateObjectMapping: 0.050800 ms MarkObjects: 4.018300 ms  DeleteObjects: 0.086000 ms)

========================================================================
Received Import Request.
  Time since last request: 60.786184 seconds.
  path: Assets/scripts/playerScript.cs
  artifactKey: Guid(5c80ce0a77da68740b3d25c30fcebf04) Importer(815301076,1909f56bfc062723c751e8b465ee728b)
Start importing Assets/scripts/playerScript.cs using Guid(5c80ce0a77da68740b3d25c30fcebf04) Importer(815301076,1909f56bfc062723c751e8b465ee728b)  -> (artifact id: '43d84dbad581040d6ab0e12c25cc965f') in 0.028326 seconds
  Import took 0.034836 seconds .

========================================================================
Received Import Request.
  Time since last request: 0.049706 seconds.
  path: Assets/scripts/playerScript.cs
  artifactKey: Guid(5c80ce0a77da68740b3d25c30fcebf04) Importer(815301076,1909f56bfc062723c751e8b465ee728b)
Start importing Assets/scripts/playerScript.cs using Guid(5c80ce0a77da68740b3d25c30fcebf04) Importer(815301076,1909f56bfc062723c751e8b465ee728b)  -> (artifact id: '43d84dbad581040d6ab0e12c25cc965f') in 0.012908 seconds
  Import took 0.017486 seconds .

========================================================================
Received Import Request.
  Time since last request: 4.191352 seconds.
  path: Assets/scripts/audioManager/AudioManager.cs
  artifactKey: Guid(13068aa25f2e5da4fb571d141536549e) Importer(815301076,1909f56bfc062723c751e8b465ee728b)
Start importing Assets/scripts/audioManager/AudioManager.cs using Guid(13068aa25f2e5da4fb571d141536549e) Importer(815301076,1909f56bfc062723c751e8b465ee728b)  -> (artifact id: 'b55c79f639cc6f168e87f6f4ffcd0897') in 0.025451 seconds
  Import took 0.031791 seconds .

========================================================================
Received Import Request.
  Time since last request: 8.906298 seconds.
  path: Assets/scripts/soundInvoker.cs
  artifactKey: Guid(47e70dd3ea668e44aba983e81f4a4c36) Importer(815301076,1909f56bfc062723c751e8b465ee728b)
Start importing Assets/scripts/soundInvoker.cs using Guid(47e70dd3ea668e44aba983e81f4a4c36) Importer(815301076,1909f56bfc062723c751e8b465ee728b)  -> (artifact id: 'c5201a8b90f40fc34cc3ad61a8efde34') in 0.039278 seconds
  Import took 0.046173 seconds .

========================================================================
Received Import Request.
  Time since last request: 0.016842 seconds.
  path: Assets/scripts/soundInvoker.cs
  artifactKey: Guid(47e70dd3ea668e44aba983e81f4a4c36) Importer(815301076,1909f56bfc062723c751e8b465ee728b)
Start importing Assets/scripts/soundInvoker.cs using Guid(47e70dd3ea668e44aba983e81f4a4c36) Importer(815301076,1909f56bfc062723c751e8b465ee728b)  -> (artifact id: 'c5201a8b90f40fc34cc3ad61a8efde34') in 0.014803 seconds
  Import took 0.021811 seconds .

========================================================================
Received Import Request.
  Time since last request: 21.896789 seconds.
  path: Assets/scripts/SwordSoundCaller.cs
  artifactKey: Guid(47e70dd3ea668e44aba983e81f4a4c36) Importer(815301076,1909f56bfc062723c751e8b465ee728b)
Start importing Assets/scripts/SwordSoundCaller.cs using Guid(47e70dd3ea668e44aba983e81f4a4c36) Importer(815301076,1909f56bfc062723c751e8b465ee728b)  -> (artifact id: 'd0f46b4f1a2a5be3db080c49875322d3') in 0.041633 seconds
  Import took 0.046635 seconds .

========================================================================
Received Prepare
Registering precompiled user dll's ...
Registered in 0.010530 seconds.
Begin MonoManager ReloadAssembly
Native extension for WindowsStandalone target not found
Native extension for WebGL target not found
Refreshing native plugins compatible for Editor in 0.66 ms, found 2 plugins.
Preloading 0 native plugins for Editor in 0.00 ms.
Mono: successfully reloaded assembly
- Completed reload, in  3.190 seconds
Platform modules already initialized, skipping
Script is not up to date after domain reload: guid(83a800e42edb3dd49b9348daeeec1b32) path("Assets/scripts/soundInvoker.cs") state(2)
Refreshing native plugins compatible for Editor in 0.61 ms, found 2 plugins.
Preloading 0 native plugins for Editor in 0.00 ms.
Unloading 1397 Unused Serialized files (Serialized files now loaded: 0)
System memory in use before: 68.7 MB.
System memory in use after: 68.8 MB.

Unloading 14 unused Assets to reduce memory usage. Loaded Objects now: 1882.
Total: 3.341400 ms (FindLiveObjects: 0.251100 ms CreateObjectMapping: 0.052900 ms MarkObjects: 2.944300 ms  DeleteObjects: 0.091200 ms)

========================================================================
Received Prepare
Registering precompiled user dll's ...
Registered in 0.007117 seconds.
Begin MonoManager ReloadAssembly
Native extension for WindowsStandalone target not found
Native extension for WebGL target not found
Refreshing native plugins compatible for Editor in 0.69 ms, found 2 plugins.
Preloading 0 native plugins for Editor in 0.00 ms.
Mono: successfully reloaded assembly
- Completed reload, in  3.961 seconds
Platform modules already initialized, skipping
Refreshing native plugins compatible for Editor in 0.62 ms, found 2 plugins.
Preloading 0 native plugins for Editor in 0.00 ms.
Unloading 1398 Unused Serialized files (Serialized files now loaded: 0)
System memory in use before: 68.8 MB.
System memory in use after: 68.8 MB.

Unloading 14 unused Assets to reduce memory usage. Loaded Objects now: 1886.
Total: 2.787000 ms (FindLiveObjects: 0.216200 ms CreateObjectMapping: 0.049500 ms MarkObjects: 2.441900 ms  DeleteObjects: 0.077700 ms)

========================================================================
Received Import Request.
  Time since last request: 19.673202 seconds.
  path: Assets/scripts/soundInvoker.cs
  artifactKey: Guid(83a800e42edb3dd49b9348daeeec1b32) Importer(815301076,1909f56bfc062723c751e8b465ee728b)
Start importing Assets/scripts/soundInvoker.cs using Guid(83a800e42edb3dd49b9348daeeec1b32) Importer(815301076,1909f56bfc062723c751e8b465ee728b)  -> (artifact id: 'ff4ade98c60c540aea2249216a751cbc') in 0.009505 seconds
  Import took 0.013060 seconds .

========================================================================
Received Import Request.
  Time since last request: 120.735922 seconds.
  path: Assets/scripts/SwordSoundCaller.cs
  artifactKey: Guid(47e70dd3ea668e44aba983e81f4a4c36) Importer(815301076,1909f56bfc062723c751e8b465ee728b)
Start importing Assets/scripts/SwordSoundCaller.cs using Guid(47e70dd3ea668e44aba983e81f4a4c36) Importer(815301076,1909f56bfc062723c751e8b465ee728b)  -> (artifact id: 'c088d7dcbea68b78e40b3e38690b2b24') in 0.013494 seconds
  Import took 0.061523 seconds .

========================================================================
Received Prepare
Registering precompiled user dll's ...
Registered in 0.020677 seconds.
Begin MonoManager ReloadAssembly
Native extension for WindowsStandalone target not found
Native extension for WebGL target not found
Refreshing native plugins compatible for Editor in 0.44 ms, found 2 plugins.
Preloading 0 native plugins for Editor in 0.00 ms.
Mono: successfully reloaded assembly
- Completed reload, in  1.957 seconds
Platform modules already initialized, skipping
Refreshing native plugins compatible for Editor in 0.69 ms, found 2 plugins.
Preloading 0 native plugins for Editor in 0.00 ms.
Unloading 1397 Unused Serialized files (Serialized files now loaded: 0)
System memory in use before: 68.7 MB.
System memory in use after: 68.8 MB.

Unloading 15 unused Assets to reduce memory usage. Loaded Objects now: 1888.
Total: 4.392000 ms (FindLiveObjects: 0.317800 ms CreateObjectMapping: 0.081000 ms MarkObjects: 3.878000 ms  DeleteObjects: 0.113100 ms)

========================================================================
Received Prepare
Registering precompiled user dll's ...
Registered in 0.013319 seconds.
Begin MonoManager ReloadAssembly
Native extension for WindowsStandalone target not found
Native extension for WebGL target not found
Refreshing native plugins compatible for Editor in 0.72 ms, found 2 plugins.
Preloading 0 native plugins for Editor in 0.00 ms.
Mono: successfully reloaded assembly
- Completed reload, in  2.152 seconds
Platform modules already initialized, skipping
Refreshing native plugins compatible for Editor in 0.51 ms, found 2 plugins.
Preloading 0 native plugins for Editor in 0.00 ms.
Unloading 1397 Unused Serialized files (Serialized files now loaded: 0)
System memory in use before: 68.7 MB.
System memory in use after: 68.8 MB.

Unloading 14 unused Assets to reduce memory usage. Loaded Objects now: 1891.
Total: 2.764600 ms (FindLiveObjects: 0.240700 ms CreateObjectMapping: 0.049300 ms MarkObjects: 2.403200 ms  DeleteObjects: 0.070100 ms)

========================================================================
Received Prepare
Registering precompiled user dll's ...
Registered in 0.008797 seconds.
Begin MonoManager ReloadAssembly
Native extension for WindowsStandalone target not found
Native extension for WebGL target not found
Refreshing native plugins compatible for Editor in 1.00 ms, found 2 plugins.
Preloading 0 native plugins for Editor in 0.00 ms.
Mono: successfully reloaded assembly
- Completed reload, in  1.929 seconds
Platform modules already initialized, skipping
Refreshing native plugins compatible for Editor in 0.49 ms, found 2 plugins.
Preloading 0 native plugins for Editor in 0.00 ms.
Unloading 1397 Unused Serialized files (Serialized files now loaded: 0)
System memory in use before: 68.8 MB.
System memory in use after: 68.8 MB.

Unloading 14 unused Assets to reduce memory usage. Loaded Objects now: 1894.
Total: 6.097700 ms (FindLiveObjects: 0.221100 ms CreateObjectMapping: 0.051300 ms MarkObjects: 5.737400 ms  DeleteObjects: 0.086000 ms)

========================================================================
Received Prepare
Registering precompiled user dll's ...
Registered in 0.006623 seconds.
Begin MonoManager ReloadAssembly
Native extension for WindowsStandalone target not found
Native extension for WebGL target not found
Refreshing native plugins compatible for Editor in 0.64 ms, found 2 plugins.
Preloading 0 native plugins for Editor in 0.00 ms.
Mono: successfully reloaded assembly
- Completed reload, in  2.052 seconds
Platform modules already initialized, skipping
Refreshing native plugins compatible for Editor in 0.41 ms, found 2 plugins.
Preloading 0 native plugins for Editor in 0.00 ms.
Unloading 1397 Unused Serialized files (Serialized files now loaded: 0)
System memory in use before: 68.8 MB.
System memory in use after: 68.8 MB.

Unloading 14 unused Assets to reduce memory usage. Loaded Objects now: 1897.
Total: 2.837100 ms (FindLiveObjects: 0.461000 ms CreateObjectMapping: 0.060900 ms MarkObjects: 2.199600 ms  DeleteObjects: 0.112200 ms)

========================================================================
Received Prepare
Registering precompiled user dll's ...
Registered in 0.007659 seconds.
Begin MonoManager ReloadAssembly
Native extension for WindowsStandalone target not found
Native extension for WebGL target not found
Refreshing native plugins compatible for Editor in 0.60 ms, found 2 plugins.
Preloading 0 native plugins for Editor in 0.00 ms.
Mono: successfully reloaded assembly
- Completed reload, in  1.887 seconds
Platform modules already initialized, skipping
Refreshing native plugins compatible for Editor in 0.48 ms, found 2 plugins.
Preloading 0 native plugins for Editor in 0.00 ms.
Unloading 1397 Unused Serialized files (Serialized files now loaded: 0)
System memory in use before: 68.8 MB.
System memory in use after: 68.8 MB.

Unloading 14 unused Assets to reduce memory usage. Loaded Objects now: 1900.
Total: 3.465300 ms (FindLiveObjects: 0.218200 ms CreateObjectMapping: 0.050300 ms MarkObjects: 3.085400 ms  DeleteObjects: 0.109200 ms)

========================================================================
Received Prepare
Registering precompiled user dll's ...
Registered in 0.014460 seconds.
Begin MonoManager ReloadAssembly
Native extension for WindowsStandalone target not found
Native extension for WebGL target not found
Refreshing native plugins compatible for Editor in 0.50 ms, found 2 plugins.
Preloading 0 native plugins for Editor in 0.00 ms.
Mono: successfully reloaded assembly
- Completed reload, in  1.917 seconds
Platform modules already initialized, skipping
Refreshing native plugins compatible for Editor in 0.62 ms, found 2 plugins.
Preloading 0 native plugins for Editor in 0.00 ms.
Unloading 1397 Unused Serialized files (Serialized files now loaded: 0)
System memory in use before: 68.8 MB.
System memory in use after: 68.9 MB.

Unloading 14 unused Assets to reduce memory usage. Loaded Objects now: 1903.
Total: 4.019200 ms (FindLiveObjects: 0.302300 ms CreateObjectMapping: 0.065300 ms MarkObjects: 3.552200 ms  DeleteObjects: 0.097400 ms)

========================================================================
Received Prepare
Registering precompiled user dll's ...
Registered in 0.011319 seconds.
Begin MonoManager ReloadAssembly
Native extension for WindowsStandalone target not found
Native extension for WebGL target not found
Refreshing native plugins compatible for Editor in 1.06 ms, found 2 plugins.
Preloading 0 native plugins for Editor in 0.00 ms.
Mono: successfully reloaded assembly
- Completed reload, in  3.609 seconds
Platform modules already initialized, skipping
Refreshing native plugins compatible for Editor in 1.01 ms, found 2 plugins.
Preloading 0 native plugins for Editor in 0.00 ms.
Unloading 1397 Unused Serialized files (Serialized files now loaded: 0)
System memory in use before: 68.8 MB.
System memory in use after: 68.9 MB.

Unloading 14 unused Assets to reduce memory usage. Loaded Objects now: 1906.
Total: 6.113400 ms (FindLiveObjects: 0.492900 ms CreateObjectMapping: 0.073300 ms MarkObjects: 5.225100 ms  DeleteObjects: 0.318800 ms)

========================================================================
Received Prepare
Registering precompiled user dll's ...
Registered in 0.020122 seconds.
Begin MonoManager ReloadAssembly
Native extension for WindowsStandalone target not found
Native extension for WebGL target not found
Refreshing native plugins compatible for Editor in 0.83 ms, found 2 plugins.
Preloading 0 native plugins for Editor in 0.00 ms.
Mono: successfully reloaded assembly
- Completed reload, in  2.806 seconds
Platform modules already initialized, skipping
Refreshing native plugins compatible for Editor in 1.20 ms, found 2 plugins.
Preloading 0 native plugins for Editor in 0.00 ms.
Unloading 1397 Unused Serialized files (Serialized files now loaded: 0)
System memory in use before: 68.8 MB.
System memory in use after: 68.9 MB.

Unloading 14 unused Assets to reduce memory usage. Loaded Objects now: 1909.
Total: 4.320000 ms (FindLiveObjects: 0.411600 ms CreateObjectMapping: 0.068100 ms MarkObjects: 3.695700 ms  DeleteObjects: 0.141200 ms)

========================================================================
Received Prepare
Registering precompiled user dll's ...
Registered in 0.018515 seconds.
Begin MonoManager ReloadAssembly
Native extension for WindowsStandalone target not found
Native extension for WebGL target not found
Refreshing native plugins compatible for Editor in 0.98 ms, found 2 plugins.
Preloading 0 native plugins for Editor in 0.00 ms.
Mono: successfully reloaded assembly
- Completed reload, in  2.796 seconds
Platform modules already initialized, skipping
Refreshing native plugins compatible for Editor in 0.75 ms, found 2 plugins.
Preloading 0 native plugins for Editor in 0.00 ms.
Unloading 1397 Unused Serialized files (Serialized files now loaded: 0)
System memory in use before: 68.8 MB.
System memory in use after: 68.9 MB.

Unloading 14 unused Assets to reduce memory usage. Loaded Objects now: 1912.
Total: 7.854500 ms (FindLiveObjects: 0.568400 ms CreateObjectMapping: 0.117200 ms MarkObjects: 6.033400 ms  DeleteObjects: 1.131000 ms)

========================================================================
Received Prepare
Registering precompiled user dll's ...
Registered in 0.010220 seconds.
Begin MonoManager ReloadAssembly
Native extension for WindowsStandalone target not found
Native extension for WebGL target not found
Refreshing native plugins compatible for Editor in 1.05 ms, found 2 plugins.
Preloading 0 native plugins for Editor in 0.00 ms.
Mono: successfully reloaded assembly
- Completed reload, in  2.211 seconds
Platform modules already initialized, skipping
Refreshing native plugins compatible for Editor in 0.73 ms, found 2 plugins.
Preloading 0 native plugins for Editor in 0.00 ms.
Unloading 1397 Unused Serialized files (Serialized files now loaded: 0)
System memory in use before: 68.8 MB.
System memory in use after: 68.9 MB.

Unloading 14 unused Assets to reduce memory usage. Loaded Objects now: 1915.
Total: 4.799000 ms (FindLiveObjects: 0.369600 ms CreateObjectMapping: 0.058100 ms MarkObjects: 4.217400 ms  DeleteObjects: 0.151300 ms)

AssetImportWorkerClient::OnTransportError - code=2 error=End of file
